Set parameter WLSAccessID
Set parameter WLSSecret
Set parameter LicenseID to value 2411299
Academic license 2411299 - for non-commercial use only - registered to zi___@ugent.be
Set parameter Threads to value 1
Optimal solution found
Set parameter WLSAccessID
Set parameter WLSSecret
Set parameter LicenseID to value 2411299
Academic license 2411299 - for non-commercial use only - registered to zi___@ugent.be
Set parameter Threads to value 1
Optimal solution found
Set parameter WLSAccessID
Set parameter WLSSecret
Set parameter LicenseID to value 2411299
Academic license 2411299 - for non-commercial use only - registered to zi___@ugent.be
Set parameter Threads to value 1
Optimal solution found
Set parameter WLSAccessID
Set parameter WLSSecret
Set parameter LicenseID to value 2411299
Academic license 2411299 - for non-commercial use only - registered to zi___@ugent.be
Set parameter Threads to value 1
Optimal solution found
Set parameter WLSAccessID
Set parameter WLSSecret
Set parameter LicenseID to value 2411299
Academic license 2411299 - for non-commercial use only - registered to zi___@ugent.be
Set parameter Threads to value 1
Optimal solution found
Set parameter WLSAccessID
Set parameter WLSSecret
Set parameter LicenseID to value 2411299
Academic license 2411299 - for non-commercial use only - registered to zi___@ugent.be
Set parameter Threads to value 1
Optimal solution found
Set parameter WLSAccessID
Set parameter WLSSecret
Set parameter LicenseID to value 2411299
Academic license 2411299 - for non-commercial use only - registered to zi___@ugent.be
Set parameter Threads to value 1
Optimal solution found
Set parameter WLSAccessID
Set parameter WLSSecret
Set parameter LicenseID to value 2411299
Academic license 2411299 - for non-commercial use only - registered to zi___@ugent.be
Set parameter Threads to value 1
Optimal solution found
Set parameter WLSAccessID
Set parameter WLSSecret
Set parameter LicenseID to value 2411299
Academic license 2411299 - for non-commercial use only - registered to zi___@ugent.be
Set parameter Threads to value 1
Optimal solution found
Set parameter WLSAccessID
Set parameter WLSSecret
Set parameter LicenseID to value 2411299
Academic license 2411299 - for non-commercial use only - registered to zi___@ugent.be
Set parameter Threads to value 1
Optimal solution found
Set parameter WLSAccessID
Set parameter WLSSecret
Set parameter LicenseID to value 2411299
Academic license 2411299 - for non-commercial use only - registered to zi___@ugent.be
Set parameter Threads to value 1
Optimal solution found
Set parameter WLSAccessID
Set parameter WLSSecret
Set parameter LicenseID to value 2411299
Academic license 2411299 - for non-commercial use only - registered to zi___@ugent.be
Set parameter Threads to value 1
Optimal solution found
Set parameter WLSAccessID
Set parameter WLSSecret
Set parameter LicenseID to value 2411299
Academic license 2411299 - for non-commercial use only - registered to zi___@ugent.be
Set parameter Threads to value 1
Optimal solution found
Set parameter WLSAccessID
Set parameter WLSSecret
Set parameter LicenseID to value 2411299
Academic license 2411299 - for non-commercial use only - registered to zi___@ugent.be
Set parameter Threads to value 1
Optimal solution found
Set parameter WLSAccessID
Set parameter WLSSecret
Set parameter LicenseID to value 2411299
Academic license 2411299 - for non-commercial use only - registered to zi___@ugent.be
Set parameter Threads to value 1
Optimal solution found
Set parameter WLSAccessID
Set parameter WLSSecret
Set parameter LicenseID to value 2411299
Academic license 2411299 - for non-commercial use only - registered to zi___@ugent.be
Set parameter Threads to value 1
Optimal solution found
Set parameter WLSAccessID
Set parameter WLSSecret
Set parameter LicenseID to value 2411299
Academic license 2411299 - for non-commercial use only - registered to zi___@ugent.be
Set parameter Threads to value 1
Optimal solution found
Set parameter WLSAccessID
Set parameter WLSSecret
Set parameter LicenseID to value 2411299
Academic license 2411299 - for non-commercial use only - registered to zi___@ugent.be
Set parameter Threads to value 1
Optimal solution found
Set parameter WLSAccessID
Set parameter WLSSecret
Set parameter LicenseID to value 2411299
Academic license 2411299 - for non-commercial use only - registered to zi___@ugent.be
Set parameter Threads to value 1
Optimal solution found
Set parameter WLSAccessID
Set parameter WLSSecret
Set parameter LicenseID to value 2411299
Academic license 2411299 - for non-commercial use only - registered to zi___@ugent.be
Set parameter Threads to value 1
Optimal solution found
Set parameter WLSAccessID
Set parameter WLSSecret
Set parameter LicenseID to value 2411299
Academic license 2411299 - for non-commercial use only - registered to zi___@ugent.be
Set parameter Threads to value 1
Optimal solution found
Set parameter WLSAccessID
Set parameter WLSSecret
Set parameter LicenseID to value 2411299
Academic license 2411299 - for non-commercial use only - registered to zi___@ugent.be
Set parameter Threads to value 1
Optimal solution found
Set parameter WLSAccessID
Set parameter WLSSecret
Set parameter LicenseID to value 2411299
Academic license 2411299 - for non-commercial use only - registered to zi___@ugent.be
Set parameter Threads to value 1
Optimal solution found
Set parameter WLSAccessID
Set parameter WLSSecret
Set parameter LicenseID to value 2411299
Academic license 2411299 - for non-commercial use only - registered to zi___@ugent.be
Set parameter Threads to value 1
Optimal solution found
Set parameter WLSAccessID
Set parameter WLSSecret
Set parameter LicenseID to value 2411299
Academic license 2411299 - for non-commercial use only - registered to zi___@ugent.be
Set parameter Threads to value 1
Optimal solution found
Set parameter WLSAccessID
Set parameter WLSSecret
Set parameter LicenseID to value 2411299
Academic license 2411299 - for non-commercial use only - registered to zi___@ugent.be
Set parameter Threads to value 1
Optimal solution found
Set parameter WLSAccessID
Set parameter WLSSecret
Set parameter LicenseID to value 2411299
Academic license 2411299 - for non-commercial use only - registered to zi___@ugent.be
Set parameter Threads to value 1
Optimal solution found
Set parameter WLSAccessID
Set parameter WLSSecret
Set parameter LicenseID to value 2411299
Academic license 2411299 - for non-commercial use only - registered to zi___@ugent.be
Set parameter Threads to value 1
Optimal solution found
Set parameter WLSAccessID
Set parameter WLSSecret
Set parameter LicenseID to value 2411299
Academic license 2411299 - for non-commercial use only - registered to zi___@ugent.be
Set parameter Threads to value 1
Optimal solution found
Set parameter WLSAccessID
Set parameter WLSSecret
Set parameter LicenseID to value 2411299
Academic license 2411299 - for non-commercial use only - registered to zi___@ugent.be
Set parameter Threads to value 1
Optimal solution found
Set parameter WLSAccessID
Set parameter WLSSecret
Set parameter LicenseID to value 2411299
Academic license 2411299 - for non-commercial use only - registered to zi___@ugent.be
Set parameter Threads to value 1
Optimal solution found
Set parameter WLSAccessID
Set parameter WLSSecret
Set parameter LicenseID to value 2411299
Academic license 2411299 - for non-commercial use only - registered to zi___@ugent.be
Set parameter Threads to value 1
Optimal solution found
Set parameter WLSAccessID
Set parameter WLSSecret
Set parameter LicenseID to value 2411299
Academic license 2411299 - for non-commercial use only - registered to zi___@ugent.be
Set parameter Threads to value 1
Optimal solution found
Set parameter WLSAccessID
Set parameter WLSSecret
Set parameter LicenseID to value 2411299
Academic license 2411299 - for non-commercial use only - registered to zi___@ugent.be
Set parameter Threads to value 1
Optimal solution found
Set parameter WLSAccessID
Set parameter WLSSecret
Set parameter LicenseID to value 2411299
Academic license 2411299 - for non-commercial use only - registered to zi___@ugent.be
Set parameter Threads to value 1
Optimal solution found
Set parameter WLSAccessID
Set parameter WLSSecret
Set parameter LicenseID to value 2411299
Academic license 2411299 - for non-commercial use only - registered to zi___@ugent.be
Set parameter Threads to value 1
Optimal solution found
Set parameter WLSAccessID
Set parameter WLSSecret
Set parameter LicenseID to value 2411299
Academic license 2411299 - for non-commercial use only - registered to zi___@ugent.be
Set parameter Threads to value 1
Optimal solution found
Set parameter WLSAccessID
Set parameter WLSSecret
Set parameter LicenseID to value 2411299
Academic license 2411299 - for non-commercial use only - registered to zi___@ugent.be
Set parameter Threads to value 1
Optimal solution found
Set parameter WLSAccessID
Set parameter WLSSecret
Set parameter LicenseID to value 2411299
Academic license 2411299 - for non-commercial use only - registered to zi___@ugent.be
Set parameter Threads to value 1
Optimal solution found
Set parameter WLSAccessID
Set parameter WLSSecret
Set parameter LicenseID to value 2411299
Academic license 2411299 - for non-commercial use only - registered to zi___@ugent.be
Set parameter Threads to value 1
Optimal solution found
Set parameter WLSAccessID
Set parameter WLSSecret
Set parameter LicenseID to value 2411299
Academic license 2411299 - for non-commercial use only - registered to zi___@ugent.be
Set parameter Threads to value 1
Optimal solution found
Set parameter WLSAccessID
Set parameter WLSSecret
Set parameter LicenseID to value 2411299
Academic license 2411299 - for non-commercial use only - registered to zi___@ugent.be
Set parameter Threads to value 1
Optimal solution found
Set parameter WLSAccessID
Set parameter WLSSecret
Set parameter LicenseID to value 2411299
Academic license 2411299 - for non-commercial use only - registered to zi___@ugent.be
Set parameter Threads to value 1
Optimal solution found
Set parameter WLSAccessID
Set parameter WLSSecret
Set parameter LicenseID to value 2411299
Academic license 2411299 - for non-commercial use only - registered to zi___@ugent.be
Set parameter Threads to value 1
Optimal solution found
Set parameter WLSAccessID
Set parameter WLSSecret
Set parameter LicenseID to value 2411299
Academic license 2411299 - for non-commercial use only - registered to zi___@ugent.be
Set parameter Threads to value 1
Optimal solution found
Set parameter WLSAccessID
Set parameter WLSSecret
Set parameter LicenseID to value 2411299
Academic license 2411299 - for non-commercial use only - registered to zi___@ugent.be
Set parameter Threads to value 1
Optimal solution found
Set parameter WLSAccessID
Set parameter WLSSecret
Set parameter LicenseID to value 2411299
Academic license 2411299 - for non-commercial use only - registered to zi___@ugent.be
Set parameter Threads to value 1
Optimal solution found
Set parameter WLSAccessID
Set parameter WLSSecret
Set parameter LicenseID to value 2411299
Academic license 2411299 - for non-commercial use only - registered to zi___@ugent.be
Set parameter Threads to value 1
Optimal solution found
Set parameter WLSAccessID
Set parameter WLSSecret
Set parameter LicenseID to value 2411299
Academic license 2411299 - for non-commercial use only - registered to zi___@ugent.be
Set parameter Threads to value 1
Optimal solution found
Set parameter WLSAccessID
Set parameter WLSSecret
Set parameter LicenseID to value 2411299
Academic license 2411299 - for non-commercial use only - registered to zi___@ugent.be
Set parameter Threads to value 1
Optimal solution found
Set parameter WLSAccessID
Set parameter WLSSecret
Set parameter LicenseID to value 2411299
Academic license 2411299 - for non-commercial use only - registered to zi___@ugent.be
Set parameter Threads to value 1
Optimal solution found
Set parameter WLSAccessID
Set parameter WLSSecret
Set parameter LicenseID to value 2411299
Academic license 2411299 - for non-commercial use only - registered to zi___@ugent.be
Set parameter Threads to value 1
Optimal solution found
Set parameter WLSAccessID
Set parameter WLSSecret
Set parameter LicenseID to value 2411299
Academic license 2411299 - for non-commercial use only - registered to zi___@ugent.be
Set parameter Threads to value 1
Optimal solution found
Set parameter WLSAccessID
Set parameter WLSSecret
Set parameter LicenseID to value 2411299
Academic license 2411299 - for non-commercial use only - registered to zi___@ugent.be
Set parameter Threads to value 1
Optimal solution found
Set parameter WLSAccessID
Set parameter WLSSecret
Set parameter LicenseID to value 2411299
Academic license 2411299 - for non-commercial use only - registered to zi___@ugent.be
Set parameter Threads to value 1
Optimal solution found
Set parameter WLSAccessID
Set parameter WLSSecret
Set parameter LicenseID to value 2411299
Academic license 2411299 - for non-commercial use only - registered to zi___@ugent.be
Set parameter Threads to value 1
Optimal solution found
Set parameter WLSAccessID
Set parameter WLSSecret
Set parameter LicenseID to value 2411299
Academic license 2411299 - for non-commercial use only - registered to zi___@ugent.be
Set parameter Threads to value 1
Optimal solution found
Set parameter WLSAccessID
Set parameter WLSSecret
Set parameter LicenseID to value 2411299
Academic license 2411299 - for non-commercial use only - registered to zi___@ugent.be
Set parameter Threads to value 1
Optimal solution found
Set parameter WLSAccessID
Set parameter WLSSecret
Set parameter LicenseID to value 2411299
Academic license 2411299 - for non-commercial use only - registered to zi___@ugent.be
Set parameter Threads to value 1
Optimal solution found
Set parameter WLSAccessID
Set parameter WLSSecret
Set parameter LicenseID to value 2411299
Academic license 2411299 - for non-commercial use only - registered to zi___@ugent.be
Set parameter Threads to value 1
Optimal solution found
Set parameter WLSAccessID
Set parameter WLSSecret
Set parameter LicenseID to value 2411299
Academic license 2411299 - for non-commercial use only - registered to zi___@ugent.be
Set parameter Threads to value 1
Optimal solution found
Set parameter WLSAccessID
Set parameter WLSSecret
Set parameter LicenseID to value 2411299
Academic license 2411299 - for non-commercial use only - registered to zi___@ugent.be
Set parameter Threads to value 1
Optimal solution found
Set parameter WLSAccessID
Set parameter WLSSecret
Set parameter LicenseID to value 2411299
Academic license 2411299 - for non-commercial use only - registered to zi___@ugent.be
Set parameter Threads to value 1
Optimal solution found
Set parameter WLSAccessID
Set parameter WLSSecret
Set parameter LicenseID to value 2411299
Academic license 2411299 - for non-commercial use only - registered to zi___@ugent.be
Set parameter Threads to value 1
Optimal solution found
Set parameter WLSAccessID
Set parameter WLSSecret
Set parameter LicenseID to value 2411299
Academic license 2411299 - for non-commercial use only - registered to zi___@ugent.be
Set parameter Threads to value 1
Optimal solution found
Set parameter WLSAccessID
Set parameter WLSSecret
Set parameter LicenseID to value 2411299
Academic license 2411299 - for non-commercial use only - registered to zi___@ugent.be
Set parameter Threads to value 1
Optimal solution found
Set parameter WLSAccessID
Set parameter WLSSecret
Set parameter LicenseID to value 2411299
Academic license 2411299 - for non-commercial use only - registered to zi___@ugent.be
Set parameter Threads to value 1
Optimal solution found
Set parameter WLSAccessID
Set parameter WLSSecret
Set parameter LicenseID to value 2411299
Academic license 2411299 - for non-commercial use only - registered to zi___@ugent.be
Set parameter Threads to value 1
Optimal solution found
Set parameter WLSAccessID
Set parameter WLSSecret
Set parameter LicenseID to value 2411299
Academic license 2411299 - for non-commercial use only - registered to zi___@ugent.be
Set parameter Threads to value 1
Optimal solution found
Set parameter WLSAccessID
Set parameter WLSSecret
Set parameter LicenseID to value 2411299
Academic license 2411299 - for non-commercial use only - registered to zi___@ugent.be
Set parameter Threads to value 1
Optimal solution found
Set parameter WLSAccessID
Set parameter WLSSecret
Set parameter LicenseID to value 2411299
Academic license 2411299 - for non-commercial use only - registered to zi___@ugent.be
Set parameter Threads to value 1
Optimal solution found
Set parameter WLSAccessID
Set parameter WLSSecret
Set parameter LicenseID to value 2411299
Academic license 2411299 - for non-commercial use only - registered to zi___@ugent.be
Set parameter Threads to value 1
Optimal solution found
Set parameter WLSAccessID
Set parameter WLSSecret
Set parameter LicenseID to value 2411299
Academic license 2411299 - for non-commercial use only - registered to zi___@ugent.be
Set parameter Threads to value 1
Optimal solution found
Set parameter WLSAccessID
Set parameter WLSSecret
Set parameter LicenseID to value 2411299
Academic license 2411299 - for non-commercial use only - registered to zi___@ugent.be
Set parameter Threads to value 1
Optimal solution found
Set parameter WLSAccessID
Set parameter WLSSecret
Set parameter LicenseID to value 2411299
Academic license 2411299 - for non-commercial use only - registered to zi___@ugent.be
Set parameter Threads to value 1
Optimal solution found
Set parameter WLSAccessID
Set parameter WLSSecret
Set parameter LicenseID to value 2411299
Academic license 2411299 - for non-commercial use only - registered to zi___@ugent.be
Set parameter Threads to value 1
Optimal solution found
Set parameter WLSAccessID
Set parameter WLSSecret
Set parameter LicenseID to value 2411299
Academic license 2411299 - for non-commercial use only - registered to zi___@ugent.be
Set parameter Threads to value 1
Optimal solution found
Set parameter WLSAccessID
Set parameter WLSSecret
Set parameter LicenseID to value 2411299
Academic license 2411299 - for non-commercial use only - registered to zi___@ugent.be
Set parameter Threads to value 1
Optimal solution found
Set parameter WLSAccessID
Set parameter WLSSecret
Set parameter LicenseID to value 2411299
Academic license 2411299 - for non-commercial use only - registered to zi___@ugent.be
Set parameter Threads to value 1
Optimal solution found
Set parameter WLSAccessID
Set parameter WLSSecret
Set parameter LicenseID to value 2411299
Academic license 2411299 - for non-commercial use only - registered to zi___@ugent.be
Set parameter Threads to value 1
Optimal solution found
Set parameter WLSAccessID
Set parameter WLSSecret
Set parameter LicenseID to value 2411299
Academic license 2411299 - for non-commercial use only - registered to zi___@ugent.be
Set parameter Threads to value 1
Optimal solution found
Set parameter WLSAccessID
Set parameter WLSSecret
Set parameter LicenseID to value 2411299
Academic license 2411299 - for non-commercial use only - registered to zi___@ugent.be
Set parameter Threads to value 1
Optimal solution found
Set parameter WLSAccessID
Set parameter WLSSecret
Set parameter LicenseID to value 2411299
Academic license 2411299 - for non-commercial use only - registered to zi___@ugent.be
Set parameter Threads to value 1
Optimal solution found
Set parameter WLSAccessID
Set parameter WLSSecret
Set parameter LicenseID to value 2411299
Academic license 2411299 - for non-commercial use only - registered to zi___@ugent.be
Set parameter Threads to value 1
Optimal solution found
Set parameter WLSAccessID
Set parameter WLSSecret
Set parameter LicenseID to value 2411299
Academic license 2411299 - for non-commercial use only - registered to zi___@ugent.be
Set parameter Threads to value 1
Optimal solution found
Set parameter WLSAccessID
Set parameter WLSSecret
Set parameter LicenseID to value 2411299
Academic license 2411299 - for non-commercial use only - registered to zi___@ugent.be
Set parameter Threads to value 1
Optimal solution found
Set parameter WLSAccessID
Set parameter WLSSecret
Set parameter LicenseID to value 2411299
Academic license 2411299 - for non-commercial use only - registered to zi___@ugent.be
Set parameter Threads to value 1
Optimal solution found
Set parameter WLSAccessID
Set parameter WLSSecret
Set parameter LicenseID to value 2411299
Academic license 2411299 - for non-commercial use only - registered to zi___@ugent.be
Set parameter Threads to value 1
Optimal solution found
Set parameter WLSAccessID
Set parameter WLSSecret
Set parameter LicenseID to value 2411299
Academic license 2411299 - for non-commercial use only - registered to zi___@ugent.be
Set parameter Threads to value 1
Optimal solution found
Set parameter WLSAccessID
Set parameter WLSSecret
Set parameter LicenseID to value 2411299
Academic license 2411299 - for non-commercial use only - registered to zi___@ugent.be
Set parameter Threads to value 1
Optimal solution found
Set parameter WLSAccessID
Set parameter WLSSecret
Set parameter LicenseID to value 2411299
Academic license 2411299 - for non-commercial use only - registered to zi___@ugent.be
Set parameter Threads to value 1
Optimal solution found
Set parameter WLSAccessID
Set parameter WLSSecret
Set parameter LicenseID to value 2411299
Academic license 2411299 - for non-commercial use only - registered to zi___@ugent.be
Set parameter Threads to value 1
Optimal solution found
Set parameter WLSAccessID
Set parameter WLSSecret
Set parameter LicenseID to value 2411299
Academic license 2411299 - for non-commercial use only - registered to zi___@ugent.be
Set parameter Threads to value 1
Optimal solution found
Set parameter WLSAccessID
Set parameter WLSSecret
Set parameter LicenseID to value 2411299
Academic license 2411299 - for non-commercial use only - registered to zi___@ugent.be
Set parameter Threads to value 1
Optimal solution found
Set parameter WLSAccessID
Set parameter WLSSecret
Set parameter LicenseID to value 2411299
Academic license 2411299 - for non-commercial use only - registered to zi___@ugent.be
Set parameter Threads to value 1
Optimal solution found
Set parameter WLSAccessID
Set parameter WLSSecret
Set parameter LicenseID to value 2411299
Academic license 2411299 - for non-commercial use only - registered to zi___@ugent.be
Set parameter Threads to value 1
Optimal solution found
Set parameter WLSAccessID
Set parameter WLSSecret
Set parameter LicenseID to value 2411299
Academic license 2411299 - for non-commercial use only - registered to zi___@ugent.be
Set parameter Threads to value 1
Optimal solution found
Set parameter WLSAccessID
Set parameter WLSSecret
Set parameter LicenseID to value 2411299
Academic license 2411299 - for non-commercial use only - registered to zi___@ugent.be
Set parameter Threads to value 1
Optimal solution found
Set parameter WLSAccessID
Set parameter WLSSecret
Set parameter LicenseID to value 2411299
Academic license 2411299 - for non-commercial use only - registered to zi___@ugent.be
Set parameter Threads to value 1
Optimal solution found
Set parameter WLSAccessID
Set parameter WLSSecret
Set parameter LicenseID to value 2411299
Academic license 2411299 - for non-commercial use only - registered to zi___@ugent.be
Set parameter Threads to value 1
Optimal solution found
Set parameter WLSAccessID
Set parameter WLSSecret
Set parameter LicenseID to value 2411299
Academic license 2411299 - for non-commercial use only - registered to zi___@ugent.be
Set parameter Threads to value 1
Optimal solution found
Set parameter WLSAccessID
Set parameter WLSSecret
Set parameter LicenseID to value 2411299
Academic license 2411299 - for non-commercial use only - registered to zi___@ugent.be
Set parameter Threads to value 1
Optimal solution found
Set parameter WLSAccessID
Set parameter WLSSecret
Set parameter LicenseID to value 2411299
Academic license 2411299 - for non-commercial use only - registered to zi___@ugent.be
Set parameter Threads to value 1
Optimal solution found
Set parameter WLSAccessID
Set parameter WLSSecret
Set parameter LicenseID to value 2411299
Academic license 2411299 - for non-commercial use only - registered to zi___@ugent.be
Set parameter Threads to value 1
Optimal solution found
Set parameter WLSAccessID
Set parameter WLSSecret
Set parameter LicenseID to value 2411299
Academic license 2411299 - for non-commercial use only - registered to zi___@ugent.be
Set parameter Threads to value 1
Optimal solution found
Set parameter WLSAccessID
Set parameter WLSSecret
Set parameter LicenseID to value 2411299
Academic license 2411299 - for non-commercial use only - registered to zi___@ugent.be
Set parameter Threads to value 1
Optimal solution found
Set parameter WLSAccessID
Set parameter WLSSecret
Set parameter LicenseID to value 2411299
Academic license 2411299 - for non-commercial use only - registered to zi___@ugent.be
Set parameter Threads to value 1
Optimal solution found
Set parameter WLSAccessID
Set parameter WLSSecret
Set parameter LicenseID to value 2411299
Academic license 2411299 - for non-commercial use only - registered to zi___@ugent.be
Set parameter Threads to value 1
Optimal solution found
Set parameter WLSAccessID
Set parameter WLSSecret
Set parameter LicenseID to value 2411299
Academic license 2411299 - for non-commercial use only - registered to zi___@ugent.be
Set parameter Threads to value 1
Optimal solution found
Set parameter WLSAccessID
Set parameter WLSSecret
Set parameter LicenseID to value 2411299
Academic license 2411299 - for non-commercial use only - registered to zi___@ugent.be
Set parameter Threads to value 1
Optimal solution found
Set parameter WLSAccessID
Set parameter WLSSecret
Set parameter LicenseID to value 2411299
Academic license 2411299 - for non-commercial use only - registered to zi___@ugent.be
Set parameter Threads to value 1
Optimal solution found
Set parameter WLSAccessID
Set parameter WLSSecret
Set parameter LicenseID to value 2411299
Academic license 2411299 - for non-commercial use only - registered to zi___@ugent.be
Set parameter Threads to value 1
Optimal solution found
Set parameter WLSAccessID
Set parameter WLSSecret
Set parameter LicenseID to value 2411299
Academic license 2411299 - for non-commercial use only - registered to zi___@ugent.be
Set parameter Threads to value 1
Optimal solution found
Set parameter WLSAccessID
Set parameter WLSSecret
Set parameter LicenseID to value 2411299
Academic license 2411299 - for non-commercial use only - registered to zi___@ugent.be
Set parameter Threads to value 1
Optimal solution found
Set parameter WLSAccessID
Set parameter WLSSecret
Set parameter LicenseID to value 2411299
Academic license 2411299 - for non-commercial use only - registered to zi___@ugent.be
Set parameter Threads to value 1
Optimal solution found
Set parameter WLSAccessID
Set parameter WLSSecret
Set parameter LicenseID to value 2411299
Academic license 2411299 - for non-commercial use only - registered to zi___@ugent.be
Set parameter Threads to value 1
Optimal solution found
Set parameter WLSAccessID
Set parameter WLSSecret
Set parameter LicenseID to value 2411299
Academic license 2411299 - for non-commercial use only - registered to zi___@ugent.be
Set parameter Threads to value 1
Optimal solution found
Set parameter WLSAccessID
Set parameter WLSSecret
Set parameter LicenseID to value 2411299
Academic license 2411299 - for non-commercial use only - registered to zi___@ugent.be
Set parameter Threads to value 1
Optimal solution found
Set parameter WLSAccessID
Set parameter WLSSecret
Set parameter LicenseID to value 2411299
Academic license 2411299 - for non-commercial use only - registered to zi___@ugent.be
Set parameter Threads to value 1
Optimal solution found
Set parameter WLSAccessID
Set parameter WLSSecret
Set parameter LicenseID to value 2411299
Academic license 2411299 - for non-commercial use only - registered to zi___@ugent.be
Set parameter Threads to value 1
Optimal solution found
Set parameter WLSAccessID
Set parameter WLSSecret
Set parameter LicenseID to value 2411299
Academic license 2411299 - for non-commercial use only - registered to zi___@ugent.be
Set parameter Threads to value 1
Optimal solution found
Set parameter WLSAccessID
Set parameter WLSSecret
Set parameter LicenseID to value 2411299
Academic license 2411299 - for non-commercial use only - registered to zi___@ugent.be
Set parameter Threads to value 1
Optimal solution found
Set parameter WLSAccessID
Set parameter WLSSecret
Set parameter LicenseID to value 2411299
Academic license 2411299 - for non-commercial use only - registered to zi___@ugent.be
Set parameter Threads to value 1
Optimal solution found
Set parameter WLSAccessID
Set parameter WLSSecret
Set parameter LicenseID to value 2411299
Academic license 2411299 - for non-commercial use only - registered to zi___@ugent.be
Set parameter Threads to value 1
Optimal solution found
Set parameter WLSAccessID
Set parameter WLSSecret
Set parameter LicenseID to value 2411299
Academic license 2411299 - for non-commercial use only - registered to zi___@ugent.be
Set parameter Threads to value 1
Optimal solution found
Set parameter WLSAccessID
Set parameter WLSSecret
Set parameter LicenseID to value 2411299
Academic license 2411299 - for non-commercial use only - registered to zi___@ugent.be
Set parameter Threads to value 1
Optimal solution found
Set parameter WLSAccessID
Set parameter WLSSecret
Set parameter LicenseID to value 2411299
Academic license 2411299 - for non-commercial use only - registered to zi___@ugent.be
Set parameter Threads to value 1
Optimal solution found
Set parameter WLSAccessID
Set parameter WLSSecret
Set parameter LicenseID to value 2411299
Academic license 2411299 - for non-commercial use only - registered to zi___@ugent.be
Set parameter Threads to value 1
Optimal solution found
Set parameter WLSAccessID
Set parameter WLSSecret
Set parameter LicenseID to value 2411299
Academic license 2411299 - for non-commercial use only - registered to zi___@ugent.be
Set parameter Threads to value 1
Optimal solution found
Set parameter WLSAccessID
Set parameter WLSSecret
Set parameter LicenseID to value 2411299
Academic license 2411299 - for non-commercial use only - registered to zi___@ugent.be
Set parameter Threads to value 1
Optimal solution found
Set parameter WLSAccessID
Set parameter WLSSecret
Set parameter LicenseID to value 2411299
Academic license 2411299 - for non-commercial use only - registered to zi___@ugent.be
Set parameter Threads to value 1
Optimal solution found
Set parameter WLSAccessID
Set parameter WLSSecret
Set parameter LicenseID to value 2411299
Academic license 2411299 - for non-commercial use only - registered to zi___@ugent.be
Set parameter Threads to value 1
Optimal solution found
Set parameter WLSAccessID
Set parameter WLSSecret
Set parameter LicenseID to value 2411299
Academic license 2411299 - for non-commercial use only - registered to zi___@ugent.be
Set parameter Threads to value 1
Optimal solution found
Set parameter WLSAccessID
Set parameter WLSSecret
Set parameter LicenseID to value 2411299
Academic license 2411299 - for non-commercial use only - registered to zi___@ugent.be
Set parameter Threads to value 1
Optimal solution found
Set parameter WLSAccessID
Set parameter WLSSecret
Set parameter LicenseID to value 2411299
Academic license 2411299 - for non-commercial use only - registered to zi___@ugent.be
Set parameter Threads to value 1
Optimal solution found
Set parameter WLSAccessID
Set parameter WLSSecret
Set parameter LicenseID to value 2411299
Academic license 2411299 - for non-commercial use only - registered to zi___@ugent.be
Set parameter Threads to value 1
Optimal solution found
Set parameter WLSAccessID
Set parameter WLSSecret
Set parameter LicenseID to value 2411299
Academic license 2411299 - for non-commercial use only - registered to zi___@ugent.be
Set parameter Threads to value 1
Optimal solution found
Set parameter WLSAccessID
Set parameter WLSSecret
Set parameter LicenseID to value 2411299
Academic license 2411299 - for non-commercial use only - registered to zi___@ugent.be
Set parameter Threads to value 1
Optimal solution found
Set parameter WLSAccessID
Set parameter WLSSecret
Set parameter LicenseID to value 2411299
Academic license 2411299 - for non-commercial use only - registered to zi___@ugent.be
Set parameter Threads to value 1
Optimal solution found
Set parameter WLSAccessID
Set parameter WLSSecret
Set parameter LicenseID to value 2411299
Academic license 2411299 - for non-commercial use only - registered to zi___@ugent.be
Set parameter Threads to value 1
Optimal solution found
Set parameter WLSAccessID
Set parameter WLSSecret
Set parameter LicenseID to value 2411299
Academic license 2411299 - for non-commercial use only - registered to zi___@ugent.be
Set parameter Threads to value 1
Optimal solution found
Set parameter WLSAccessID
Set parameter WLSSecret
Set parameter LicenseID to value 2411299
Academic license 2411299 - for non-commercial use only - registered to zi___@ugent.be
Set parameter Threads to value 1
Optimal solution found
Set parameter WLSAccessID
Set parameter WLSSecret
Set parameter LicenseID to value 2411299
Academic license 2411299 - for non-commercial use only - registered to zi___@ugent.be
Set parameter Threads to value 1
Optimal solution found
Set parameter WLSAccessID
Set parameter WLSSecret
Set parameter LicenseID to value 2411299
Academic license 2411299 - for non-commercial use only - registered to zi___@ugent.be
Set parameter Threads to value 1
Optimal solution found
Nexullance_MP_MMR achieved percentage for M_EP 0: 1.0
Nexullance_MP_MMR achieved percentage for M_EP 1: 1.0
Nexullance_MP_MMR achieved percentage for M_EP 2: 1.0000000000000016
Nexullance_MP_MMR achieved percentage for M_EP 3: 1.0000000000000013
Nexullance_MP_MMR achieved percentage for M_EP 4: 0.9234115783307596
Nexullance_MP_MMR achieved percentage for M_EP 5: 0.8953486011679003
Nexullance_MP_MMR achieved percentage for M_EP 6: 0.9247278923139177
Nexullance_MP_MMR achieved percentage for M_EP 7: 0.999999999999959
Nexullance_MP_MMR achieved percentage for M_EP 8: 0.9189651737079007
Nexullance_MP_MMR achieved percentage for M_EP 9: 0.8871054508760945
Nexullance_MP_MMR achieved percentage for M_EP 10: 0.9192946032325564
Nexullance_MP_MMR achieved percentage for M_EP 11: 0.9999999999999579
Nexullance_MP_MMR achieved percentage for M_EP 12: 0.9109259046647926
Nexullance_MP_MMR achieved percentage for M_EP 13: 0.8873974734498503
Nexullance_MP_MMR achieved percentage for M_EP 14: 0.918935572982336
Nexullance_MP_MMR achieved percentage for M_EP 15: 0.99999999999988
Nexullance_MP_MMR achieved percentage for M_EP 16: 0.9212699642908375
Nexullance_MP_MMR achieved percentage for M_EP 17: 0.8937321614262704
Nexullance_MP_MMR achieved percentage for M_EP 18: 0.9230654914811985
Nexullance_MP_MMR achieved percentage for M_EP 19: 0.9999999999999484
Nexullance_MP_MMR achieved percentage for M_EP 20: 0.9267276295477904
Nexullance_MP_MMR achieved percentage for M_EP 21: 0.9016556952958665
Nexullance_MP_MMR achieved percentage for M_EP 22: 0.9233127753882018
Nexullance_MP_MMR achieved percentage for M_EP 23: 0.9904355439958241
Nexullance_MP_MMR achieved percentage for M_EP 24: 0.931691513750264
Nexullance_MP_MMR achieved percentage for M_EP 25: 0.8889749131820015
Nexullance_MP_MMR achieved percentage for M_EP 26: 0.9132924597074782
Nexullance_MP_MMR achieved percentage for M_EP 27: 1.0000000000002653
Nexullance_MP_MMR achieved percentage for M_EP 28: 0.8940412253250352
Nexullance_MP_MMR achieved percentage for M_EP 29: 0.8771156603679543
Nexullance_MP_MMR achieved percentage for M_EP 30: 0.9169476855598797
Nexullance_MP_MMR achieved percentage for M_EP 31: 0.9900846177296462
Nexullance_MP_MMR achieved percentage for M_EP 32: 0.9091491939552977
Nexullance_MP_MMR achieved percentage for M_EP 33: 0.880002158109103
Nexullance_MP_MMR achieved percentage for M_EP 34: 0.914463000078542
Nexullance_MP_MMR achieved percentage for M_EP 35: 0.9999999999997511
Nexullance_MP_MMR achieved percentage for M_EP 36: 0.9245847071878412
Nexullance_MP_MMR achieved percentage for M_EP 37: 0.9027419858452262
Nexullance_MP_MMR achieved percentage for M_EP 38: 0.9302507481261383
Nexullance_MP_MMR achieved percentage for M_EP 39: 1.000000000000031
Nexullance_MP_MMR achieved percentage for M_EP 40: 0.9263220380636472
Nexullance_MP_MMR achieved percentage for M_EP 41: 0.8920902406671152
Nexullance_MP_MMR achieved percentage for M_EP 42: 0.914559910714022
Nexullance_MP_MMR achieved percentage for M_EP 43: 1.0000000000000766
Nexullance_MP_MMR achieved percentage for M_EP 44: 0.8991592266597019
Nexullance_MP_MMR achieved percentage for M_EP 45: 0.8693005101999349
Nexullance_MP_MMR achieved percentage for M_EP 46: 0.9052994800425801
Nexullance_MP_MMR achieved percentage for M_EP 47: 0.9999999999999437
Nexullance_MP_MMR achieved percentage for M_EP 48: 0.910244846812247
Nexullance_MP_MMR achieved percentage for M_EP 49: 0.8783682004090365
Nexullance_MP_MMR achieved percentage for M_EP 50: 0.9195020310842769
Nexullance_MP_MMR achieved percentage for M_EP 51: 0.9999999999998881
Nexullance_MP_MMR achieved percentage for M_EP 52: 0.9185977062744937
Nexullance_MP_MMR achieved percentage for M_EP 53: 0.8856316013842371
Nexullance_MP_MMR achieved percentage for M_EP 54: 0.9176973674301198
Nexullance_MP_MMR achieved percentage for M_EP 55: 1.000000000000041
Nexullance_MP_MMR achieved percentage for M_EP 56: 0.9184710748367132
Nexullance_MP_MMR achieved percentage for M_EP 57: 0.8900538902587726
Nexullance_MP_MMR achieved percentage for M_EP 58: 0.9134425985886135
Nexullance_MP_MMR achieved percentage for M_EP 59: 0.9999999999998174
Nexullance_MP_MMR achieved percentage for M_EP 60: 0.9147233568526933
Nexullance_MP_MMR achieved percentage for M_EP 61: 0.8812286893569395
Nexullance_MP_MMR achieved percentage for M_EP 62: 0.9119499044208299
Nexullance_MP_MMR achieved percentage for M_EP 63: 1.00000000000015
Nexullance_MP_MMR achieved percentage for M_EP 64: 0.9149437634816121
Nexullance_MP_MMR achieved percentage for M_EP 65: 0.8855887139372598
Nexullance_MP_MMR achieved percentage for M_EP 66: 0.9152462992768992
Nexullance_MP_MMR achieved percentage for M_EP 67: 0.9968561581963783
Nexullance_MP_MMR achieved percentage for M_EP 68: 0.9223218327147377
Nexullance_MP_MMR achieved percentage for M_EP 69: 0.9013527329315503
Nexullance_MP_MMR achieved percentage for M_EP 70: 0.9441804224271442
Nexullance_MP_MMR achieved percentage for M_EP 71: 1.000000000000023
Nexullance_MP_MMR achieved percentage for M_EP 72: 0.9441804224271424
Nexullance_MP_MMR achieved percentage for M_EP 73: 0.9013527329315494
Nexullance_MP_MMR achieved percentage for M_EP 74: 0.9223218293274794
Nexullance_MP_MMR achieved percentage for M_EP 75: 0.9968561581964052
Nexullance_MP_MMR achieved percentage for M_EP 76: 0.9152462992769262
Nexullance_MP_MMR achieved percentage for M_EP 77: 0.8855887139371776
Nexullance_MP_MMR achieved percentage for M_EP 78: 0.9149437634816513
Nexullance_MP_MMR achieved percentage for M_EP 79: 1.0000000000000269
Nexullance_MP_MMR achieved percentage for M_EP 80: 0.9119499044209216
Nexullance_MP_MMR achieved percentage for M_EP 81: 0.8812286893568119
Nexullance_MP_MMR achieved percentage for M_EP 82: 0.9147233568531188
Nexullance_MP_MMR achieved percentage for M_EP 83: 1.0000000000001898
Nexullance_MP_MMR achieved percentage for M_EP 84: 0.9134425985883762
Nexullance_MP_MMR achieved percentage for M_EP 85: 0.8900538902584122
Nexullance_MP_MMR achieved percentage for M_EP 86: 0.918471074837882
Nexullance_MP_MMR achieved percentage for M_EP 87: 1.0000000000001248
Nexullance_MP_MMR achieved percentage for M_EP 88: 0.9176973674297837
Nexullance_MP_MMR achieved percentage for M_EP 89: 0.8856316013835553
Nexullance_MP_MMR achieved percentage for M_EP 90: 0.9185977062738244
Nexullance_MP_MMR achieved percentage for M_EP 91: 1.0000000000005038
Nexullance_MP_MMR achieved percentage for M_EP 92: 0.919502031084578
Nexullance_MP_MMR achieved percentage for M_EP 93: 0.8783682004090297
Nexullance_MP_MMR achieved percentage for M_EP 94: 0.9102448468121116
Nexullance_MP_MMR achieved percentage for M_EP 95: 1.0000000000002387
Nexullance_MP_MMR achieved percentage for M_EP 96: 0.9052994800424301
Nexullance_MP_MMR achieved percentage for M_EP 97: 0.8693005101997245
Nexullance_MP_MMR achieved percentage for M_EP 98: 0.899159226659603
Nexullance_MP_MMR achieved percentage for M_EP 99: 1.0000000000001636
Nexullance_MP_MMR achieved percentage for M_EP 100: 0.9145599107139728
Nexullance_MP_MMR achieved percentage for M_EP 101: 0.8920902406673717
Nexullance_MP_MMR achieved percentage for M_EP 102: 0.9263220380634966
Nexullance_MP_MMR achieved percentage for M_EP 103: 1.0000000000001787
Nexullance_MP_MMR achieved percentage for M_EP 104: 0.9302507481261493
Nexullance_MP_MMR achieved percentage for M_EP 105: 0.9027419858455128
Nexullance_MP_MMR achieved percentage for M_EP 106: 0.9245847071878883
Nexullance_MP_MMR achieved percentage for M_EP 107: 1.0000000000002678
Nexullance_MP_MMR achieved percentage for M_EP 108: 0.9144630000780872
Nexullance_MP_MMR achieved percentage for M_EP 109: 0.8800021581089431
Nexullance_MP_MMR achieved percentage for M_EP 110: 0.9091491939551477
Nexullance_MP_MMR achieved percentage for M_EP 111: 0.99008461772966
Nexullance_MP_MMR achieved percentage for M_EP 112: 0.9169476855600835
Nexullance_MP_MMR achieved percentage for M_EP 113: 0.8771156603682755
Nexullance_MP_MMR achieved percentage for M_EP 114: 0.8940412253247253
Nexullance_MP_MMR achieved percentage for M_EP 115: 0.9999999999994178
Nexullance_MP_MMR achieved percentage for M_EP 116: 0.9132924597079436
Nexullance_MP_MMR achieved percentage for M_EP 117: 0.8889749131822432
Nexullance_MP_MMR achieved percentage for M_EP 118: 0.9316915137500151
Nexullance_MP_MMR achieved percentage for M_EP 119: 0.9904355439953578
Nexullance_MP_MMR achieved percentage for M_EP 120: 0.9233127753882389
Nexullance_MP_MMR achieved percentage for M_EP 121: 0.9016556952961443
Nexullance_MP_MMR achieved percentage for M_EP 122: 0.926727629548192
Nexullance_MP_MMR achieved percentage for M_EP 123: 1.000000000000017
Nexullance_MP_MMR achieved percentage for M_EP 124: 0.9230654914809783
Nexullance_MP_MMR achieved percentage for M_EP 125: 0.8937321614262476
Nexullance_MP_MMR achieved percentage for M_EP 126: 0.9212699642900493
Nexullance_MP_MMR achieved percentage for M_EP 127: 1.0000000000000453
Nexullance_MP_MMR achieved percentage for M_EP 128: 0.9189355729827217
Nexullance_MP_MMR achieved percentage for M_EP 129: 0.887397473449923
Nexullance_MP_MMR achieved percentage for M_EP 130: 0.9109259046650782
Nexullance_MP_MMR achieved percentage for M_EP 131: 0.9999999999999842
Nexullance_MP_MMR achieved percentage for M_EP 132: 0.9192946032324001
Nexullance_MP_MMR achieved percentage for M_EP 133: 0.8871054508758265
Nexullance_MP_MMR achieved percentage for M_EP 134: 0.9189651737080763
Nexullance_MP_MMR achieved percentage for M_EP 135: 1.000000000000104
Nexullance_MP_MMR achieved percentage for M_EP 136: 0.9247278923139173
Nexullance_MP_MMR achieved percentage for M_EP 137: 0.8953486011679511
Nexullance_MP_MMR achieved percentage for M_EP 138: 0.9234115783307422
Nexullance_MP_MMR achieved percentage for M_EP 139: 0.999999999999974
Nexullance_MP_MMR achieved percentage for M_EP 140: 0.999999999999974
Nexullance_MP_MMR achieved percentage for M_EP 141: 1.0
Nexullance_MP_MMR achieved percentage for M_EP 142: 1.0
